==============================================================================
20170211 21:46:46.593 - INFO - + START SUITE: Acceptancetest [ ]
==============================================================================
20170211 21:46:58.745 - INFO - +- START SUITE: Acceptancetest.CustomWidgetTests [ ]
==============================================================================
20170211 21:46:58.766 - INFO - +-- START TEST: Hexagon Is Selected Initially [ ]
------------------------------------------------------------------------------
20170211 21:46:58.781 - INFO - +--- START KW: SwingLibrary.Start Application [ edu.jsu.mcis.Main ]
20170211 21:46:59.508 - INFO - +--- END KW: SwingLibrary.Start Application (725)
~~~~~~~~~~~~~~~~~~~~~~~~~~~~~~~~~~~~~~~~~~~~~~~~~~~~~~~~~~~~~~~~~~~~~~~~~~~~~~
20170211 21:46:59.511 - INFO - +--- START KW: SwingLibrary.Select Window [ Main ]
20170211 21:46:59.796 - DEBUG - Jemmy: Start to wait frame "Frame with name or title 'Main'" opened
20170211 21:46:59.800 - DEBUG - Jemmy: Frame "Frame with name or title 'Main'" has been opened in 3 milliseconds
    javax.swing.JFrame[frame0,0,0,500x500,layout=java.awt.BorderLayout,title=Main,resizable,normal,defaultCloseOperation=EXIT_ON_CLOSE,rootPane=javax.swing.JRootPane[,8,31,484x461,layout=javax.swing.JRootPane$RootLayout,alignmentX=0.0,alignmentY=0.0,border=,flags=16777673,maximumSize=,minimumSize=,preferredSize=],rootPaneCheckingEnabled=true]
20170211 21:46:59.829 - INFO - +--- END KW: SwingLibrary.Select Window (315)
~~~~~~~~~~~~~~~~~~~~~~~~~~~~~~~~~~~~~~~~~~~~~~~~~~~~~~~~~~~~~~~~~~~~~~~~~~~~~~
20170211 21:46:59.831 - INFO - +--- START KW: SwingLibrary.Label Text Should Be [ label | HEXAGON ]
20170211 21:46:59.906 - DEBUG - Jemmy: Waiting for "label" subcomponent
20170211 21:46:59.907 - DEBUG - Jemmy: Start to wait action "Wait for "label" subcomponent to be displayed"
20170211 21:46:59.910 - DEBUG - Jemmy: "Wait for "label" subcomponent to be displayed" action has been produced in 2 milliseconds with result 
    : javax.swing.JLabel[label,0,0,484x16,alignmentX=0.0,alignmentY=0.0,border=,flags=8388608,maximumSize=,minimumSize=,preferredSize=,defaultIcon=,disabledIcon=,horizontalAlignment=CENTER,horizontalTextPosition=TRAILING,iconTextGap=4,labelFor=,text=HEXAGON,verticalAlignment=CENTER,verticalTextPosition=CENTER]
20170211 21:46:59.935 - INFO - +--- END KW: SwingLibrary.Label Text Should Be (96)
~~~~~~~~~~~~~~~~~~~~~~~~~~~~~~~~~~~~~~~~~~~~~~~~~~~~~~~~~~~~~~~~~~~~~~~~~~~~~~
20170211 21:46:59.937 - INFO - +--- START KW: SwingLibrary.Close Window [ Main ]
20170211 21:46:59.942 - DEBUG - Jemmy: Start to wait frame "Frame with name or title 'Main'" opened
20170211 21:46:59.949 - DEBUG - Jemmy: Frame "Frame with name or title 'Main'" has been opened in 0 milliseconds
    javax.swing.JFrame[frame0,0,0,500x500,layout=java.awt.BorderLayout,title=Main,resizable,normal,defaultCloseOperation=EXIT_ON_CLOSE,rootPane=javax.swing.JRootPane[,8,31,484x461,layout=javax.swing.JRootPane$RootLayout,alignmentX=0.0,alignmentY=0.0,border=,flags=16777673,maximumSize=,minimumSize=,preferredSize=],rootPaneCheckingEnabled=true]
20170211 21:47:00.234 - INFO - +--- END KW: SwingLibrary.Close Window (282)
------------------------------------------------------------------------------
20170211 21:47:00.269 - INFO - +-- END TEST: Hexagon Is Selected Initially (1477)
------------------------------------------------------------------------------
20170211 21:47:00.279 - INFO - +-- START TEST: Octagon Is Selected After Center Click [ ]
------------------------------------------------------------------------------
20170211 21:47:00.307 - INFO - +--- START KW: SwingLibrary.Start Application [ edu.jsu.mcis.Main ]
20170211 21:47:00.347 - INFO - +--- END KW: SwingLibrary.Start Application (40)
~~~~~~~~~~~~~~~~~~~~~~~~~~~~~~~~~~~~~~~~~~~~~~~~~~~~~~~~~~~~~~~~~~~~~~~~~~~~~~
20170211 21:47:00.349 - INFO - +--- START KW: SwingLibrary.Select Window [ Main ]
20170211 21:47:00.354 - DEBUG - Jemmy: Start to wait frame "Frame with name or title 'Main'" opened
20170211 21:47:00.385 - DEBUG - Jemmy: Frame "Frame with name or title 'Main'" has been opened in 0 milliseconds
    javax.swing.JFrame[frame1,0,0,500x500,layout=java.awt.BorderLayout,title=Main,resizable,normal,defaultCloseOperation=EXIT_ON_CLOSE,rootPane=javax.swing.JRootPane[,8,31,484x461,layout=javax.swing.JRootPane$RootLayout,alignmentX=0.0,alignmentY=0.0,border=,flags=16777673,maximumSize=,minimumSize=,preferredSize=],rootPaneCheckingEnabled=true]
20170211 21:47:00.402 - INFO - +--- END KW: SwingLibrary.Select Window (51)
~~~~~~~~~~~~~~~~~~~~~~~~~~~~~~~~~~~~~~~~~~~~~~~~~~~~~~~~~~~~~~~~~~~~~~~~~~~~~~
20170211 21:47:00.404 - INFO - +--- START KW: keywords.CustomWidgetKeywords.Click Octagon [ ]
20170211 21:47:00.411 - DEBUG - Jemmy: Waiting for "Any CustomWidget" subcomponent
20170211 21:47:00.411 - DEBUG - Jemmy: Start to wait action "Wait for "Any CustomWidget" subcomponent to be displayed"
20170211 21:47:00.416 - DEBUG - Jemmy: "Wait for "Any CustomWidget" subcomponent to be displayed" action has been produced in 5 milliseconds with result 
    : edu.jsu.mcis.CustomWidget[,0,16,484x445,layout=java.awt.FlowLayout,alignmentX=0.0,alignmentY=0.0,border=javax.swing.border.LineBorder@5af43b9d,flags=9,maximumSize=,minimumSize=,preferredSize=]
20170211 21:47:00.445 - INFO - +--- END KW: keywords.CustomWidgetKeywords.Click Octagon (38)
~~~~~~~~~~~~~~~~~~~~~~~~~~~~~~~~~~~~~~~~~~~~~~~~~~~~~~~~~~~~~~~~~~~~~~~~~~~~~~
20170211 21:47:00.448 - INFO - +--- START KW: SwingLibrary.Label Text Should Be [ label | OCTAGON ]
20170211 21:47:00.453 - DEBUG - Jemmy: Waiting for "label" subcomponent
20170211 21:47:00.456 - DEBUG - Jemmy: Start to wait action "Wait for "label" subcomponent to be displayed"
20170211 21:47:00.459 - DEBUG - Jemmy: "Wait for "label" subcomponent to be displayed" action has been produced in 2 milliseconds with result 
    : javax.swing.JLabel[label,0,0,484x16,alignmentX=0.0,alignmentY=0.0,border=,flags=8388608,maximumSize=,minimumSize=,preferredSize=,defaultIcon=,disabledIcon=,horizontalAlignment=CENTER,horizontalTextPosition=TRAILING,iconTextGap=4,labelFor=,text=HEXAGON,verticalAlignment=CENTER,verticalTextPosition=CENTER]
20170211 21:47:00.556 - FAIL - Expected label 'label' value to be 'OCTAGON', but was 'HEXAGON'
20170211 21:47:00.558 - DEBUG - java.lang.RuntimeException: 
	at org.robotframework.javalib.library.AnnotationLibrary.retrieveInnerException(AnnotationLibrary.java:148)
	at org.robotframework.javalib.library.AnnotationLibrary.runKeyword(AnnotationLibrary.java:130)
	at org.robotframework.swing.SwingLibrary.runKeyword(SwingLibrary.java:112)
	at robot.model.testcase$py.visit$7(/Users/jmalinen/Documents/workspace/robotframework/build/Lib/robot/model/testcase.py:73)
	at robot.model.testcase$py.call_function(/Users/jmalinen/Documents/workspace/robotframework/build/Lib/robot/model/testcase.py)
	at robot.model.itemlist$py.visit$10(/Users/jmalinen/Documents/workspace/robotframework/build/Lib/robot/model/itemlist.py:68)
	at robot.model.itemlist$py.call_function(/Users/jmalinen/Documents/workspace/robotframework/build/Lib/robot/model/itemlist.py)
	at robot.model.visitor$py.visit_suite$2(/Users/jmalinen/Documents/workspace/robotframework/build/Lib/robot/model/visitor.py:87)
	at robot.model.visitor$py.call_function(/Users/jmalinen/Documents/workspace/robotframework/build/Lib/robot/model/visitor.py)
	at robot.model.testsuite$py.visit$19(/Users/jmalinen/Documents/workspace/robotframework/build/Lib/robot/model/testsuite.py:160)
	at robot.model.testsuite$py.call_function(/Users/jmalinen/Documents/workspace/robotframework/build/Lib/robot/model/testsuite.py)
	at robot.model.itemlist$py.visit$10(/Users/jmalinen/Documents/workspace/robotframework/build/Lib/robot/model/itemlist.py:68)
	at robot.model.itemlist$py.call_function(/Users/jmalinen/Documents/workspace/robotframework/build/Lib/robot/model/itemlist.py)
	at robot.model.visitor$py.visit_suite$2(/Users/jmalinen/Documents/workspace/robotframework/build/Lib/robot/model/visitor.py:87)
	at robot.model.visitor$py.call_function(/Users/jmalinen/Documents/workspace/robotframework/build/Lib/robot/model/visitor.py)
	at robot.model.testsuite$py.visit$19(/Users/jmalinen/Documents/workspace/robotframework/build/Lib/robot/model/testsuite.py:160)
	at robot.model.testsuite$py.call_function(/Users/jmalinen/Documents/workspace/robotframework/build/Lib/robot/model/testsuite.py)
	at robot.run$py.main$3(/Users/jmalinen/Documents/workspace/robotframework/build/Lib/robot/run.py:441)
	at robot.run$py.call_function(/Users/jmalinen/Documents/workspace/robotframework/build/Lib/robot/run.py)
	at robot.utils.application$py._execute$10(/Users/jmalinen/Documents/workspace/robotframework/build/Lib/robot/utils/application.py:91)
	at robot.utils.application$py.call_function(/Users/jmalinen/Documents/workspace/robotframework/build/Lib/robot/utils/application.py)
	at robot.utils.application$py.execute_cli$5(/Users/jmalinen/Documents/workspace/robotframework/build/Lib/robot/utils/application.py:46)
	at robot.utils.application$py.call_function(/Users/jmalinen/Documents/workspace/robotframework/build/Lib/robot/utils/application.py)
	at robot.run$py.run_cli$7(/Users/jmalinen/Documents/workspace/robotframework/build/Lib/robot/run.py:466)
	at robot.run$py.call_function(/Users/jmalinen/Documents/workspace/robotframework/build/Lib/robot/run.py)
	at robot.jarrunner$py._run$3(/Users/jmalinen/Documents/workspace/robotframework/build/Lib/robot/jarrunner.py:63)
	at robot.jarrunner$py.call_function(/Users/jmalinen/Documents/workspace/robotframework/build/Lib/robot/jarrunner.py)
	at robot.jarrunner$py.run$2(/Users/jmalinen/Documents/workspace/robotframework/build/Lib/robot/jarrunner.py:56)
	at robot.jarrunner$py.call_function(/Users/jmalinen/Documents/workspace/robotframework/build/Lib/robot/jarrunner.py)
	at org.robotframework.RobotRunner.run(RobotRunner.java:73)
	at org.robotframework.RobotFramework.run(RobotFramework.java:60)
	at org.codehaus.groovy.reflection.CachedMethod.invoke(CachedMethod.java:93)
	at groovy.lang.MetaMethod.doMethodInvoke(MetaMethod.java:325)
	at org.codehaus.groovy.runtime.callsite.StaticMetaMethodSite.invoke(StaticMetaMethodSite.java:46)
	at org.codehaus.groovy.runtime.callsite.StaticMetaMethodSite.call(StaticMetaMethodSite.java:91)
	at org.codehaus.groovy.runtime.callsite.CallSiteArray.defaultCall(CallSiteArray.java:48)
	at org.codehaus.groovy.runtime.callsite.AbstractCallSite.call(AbstractCallSite.java:113)
	at org.codehaus.groovy.runtime.callsite.AbstractCallSite.call(AbstractCallSite.java:125)
	at org.roboscratch.gradle.RunRobot.run(RunRobot.groovy:184)
	at org.gradle.internal.reflect.JavaMethod.invoke(JavaMethod.java:73)
	at org.gradle.api.internal.project.taskfactory.DefaultTaskClassInfoStore$StandardTaskAction.doExecute(DefaultTaskClassInfoStore.java:141)
	at org.gradle.api.internal.project.taskfactory.DefaultTaskClassInfoStore$StandardTaskAction.execute(DefaultTaskClassInfoStore.java:134)
	at org.gradle.api.internal.project.taskfactory.DefaultTaskClassInfoStore$StandardTaskAction.execute(DefaultTaskClassInfoStore.java:123)
	at org.gradle.api.internal.AbstractTask$TaskActionWrapper.execute(AbstractTask.java:632)
	at org.gradle.api.internal.AbstractTask$TaskActionWrapper.execute(AbstractTask.java:615)
	at org.gradle.api.internal.tasks.execution.ExecuteActionsTaskExecuter.executeAction(ExecuteActionsTaskExecuter.java:95)
	at org.gradle.api.internal.tasks.execution.ExecuteActionsTaskExecuter.executeActions(ExecuteActionsTaskExecuter.java:76)
	at org.gradle.api.internal.tasks.execution.ExecuteActionsTaskExecuter.execute(ExecuteActionsTaskExecuter.java:55)
	at org.gradle.api.internal.tasks.execution.SkipUpToDateTaskExecuter.execute(SkipUpToDateTaskExecuter.java:62)
	at org.gradle.api.internal.tasks.execution.ValidatingTaskExecuter.execute(ValidatingTaskExecuter.java:58)
	at org.gradle.api.internal.tasks.execution.SkipEmptySourceFilesTaskExecuter.execute(SkipEmptySourceFilesTaskExecuter.java:88)
	at org.gradle.api.internal.tasks.execution.ResolveTaskArtifactStateTaskExecuter.execute(ResolveTaskArtifactStateTaskExecuter.java:46)
	at org.gradle.api.internal.tasks.execution.SkipTaskWithNoActionsExecuter.execute(SkipTaskWithNoActionsExecuter.java:51)
	at org.gradle.api.internal.tasks.execution.SkipOnlyIfTaskExecuter.execute(SkipOnlyIfTaskExecuter.java:54)
	at org.gradle.api.internal.tasks.execution.ExecuteAtMostOnceTaskExecuter.execute(ExecuteAtMostOnceTaskExecuter.java:43)
	at org.gradle.api.internal.tasks.execution.CatchExceptionTaskExecuter.execute(CatchExceptionTaskExecuter.java:34)
	at org.gradle.execution.taskgraph.DefaultTaskGraphExecuter$EventFiringTaskWorker$1.execute(DefaultTaskGraphExecuter.java:236)
	at org.gradle.execution.taskgraph.DefaultTaskGraphExecuter$EventFiringTaskWorker$1.execute(DefaultTaskGraphExecuter.java:228)
	at org.gradle.internal.Transformers$4.transform(Transformers.java:169)
	at org.gradle.internal.progress.DefaultBuildOperationExecutor.run(DefaultBuildOperationExecutor.java:106)
	at org.gradle.internal.progress.DefaultBuildOperationExecutor.run(DefaultBuildOperationExecutor.java:61)
	at org.gradle.execution.taskgraph.DefaultTaskGraphExecuter$EventFiringTaskWorker.execute(DefaultTaskGraphExecuter.java:228)
	at org.gradle.execution.taskgraph.DefaultTaskGraphExecuter$EventFiringTaskWorker.execute(DefaultTaskGraphExecuter.java:215)
	at org.gradle.execution.taskgraph.AbstractTaskPlanExecutor$TaskExecutorWorker.processTask(AbstractTaskPlanExecutor.java:77)
	at org.gradle.execution.taskgraph.AbstractTaskPlanExecutor$TaskExecutorWorker.run(AbstractTaskPlanExecutor.java:58)
	at org.gradle.execution.taskgraph.DefaultTaskPlanExecutor.process(DefaultTaskPlanExecutor.java:32)
	at org.gradle.execution.taskgraph.DefaultTaskGraphExecuter.execute(DefaultTaskGraphExecuter.java:113)
	at org.gradle.execution.SelectedTaskExecutionAction.execute(SelectedTaskExecutionAction.java:37)
	at org.gradle.execution.DefaultBuildExecuter.execute(DefaultBuildExecuter.java:37)
	at org.gradle.execution.DefaultBuildExecuter.access$000(DefaultBuildExecuter.java:23)
	at org.gradle.execution.DefaultBuildExecuter$1.proceed(DefaultBuildExecuter.java:43)
	at org.gradle.execution.DryRunBuildExecutionAction.execute(DryRunBuildExecutionAction.java:32)
	at org.gradle.execution.DefaultBuildExecuter.execute(DefaultBuildExecuter.java:37)
	at org.gradle.execution.DefaultBuildExecuter.execute(DefaultBuildExecuter.java:30)
	at org.gradle.initialization.DefaultGradleLauncher$3.execute(DefaultGradleLauncher.java:196)
	at org.gradle.initialization.DefaultGradleLauncher$3.execute(DefaultGradleLauncher.java:193)
	at org.gradle.internal.Transformers$4.transform(Transformers.java:169)
	at org.gradle.internal.progress.DefaultBuildOperationExecutor.run(DefaultBuildOperationExecutor.java:106)
	at org.gradle.internal.progress.DefaultBuildOperationExecutor.run(DefaultBuildOperationExecutor.java:56)
	at org.gradle.initialization.DefaultGradleLauncher.doBuildStages(DefaultGradleLauncher.java:193)
	at org.gradle.initialization.DefaultGradleLauncher.doBuild(DefaultGradleLauncher.java:119)
	at org.gradle.initialization.DefaultGradleLauncher.run(DefaultGradleLauncher.java:102)
	at org.gradle.launcher.exec.GradleBuildController.run(GradleBuildController.java:71)
	at org.gradle.tooling.internal.provider.ExecuteBuildActionRunner.run(ExecuteBuildActionRunner.java:28)
	at org.gradle.launcher.exec.ChainingBuildActionRunner.run(ChainingBuildActionRunner.java:35)
	at org.gradle.launcher.exec.InProcessBuildActionExecuter.execute(InProcessBuildActionExecuter.java:41)
	at org.gradle.launcher.exec.InProcessBuildActionExecuter.execute(InProcessBuildActionExecuter.java:26)
	at org.gradle.tooling.internal.provider.ContinuousBuildActionExecuter.execute(ContinuousBuildActionExecuter.java:75)
	at org.gradle.tooling.internal.provider.ContinuousBuildActionExecuter.execute(ContinuousBuildActionExecuter.java:49)
	at org.gradle.tooling.internal.provider.ServicesSetupBuildActionExecuter.execute(ServicesSetupBuildActionExecuter.java:44)
	at org.gradle.tooling.internal.provider.ServicesSetupBuildActionExecuter.execute(ServicesSetupBuildActionExecuter.java:29)
	at org.gradle.launcher.daemon.server.exec.ExecuteBuild.doBuild(ExecuteBuild.java:67)
	at org.gradle.launcher.daemon.server.exec.BuildCommandOnly.execute(BuildCommandOnly.java:36)
	at org.gradle.launcher.daemon.server.api.DaemonCommandExecution.proceed(DaemonCommandExecution.java:120)
	at org.gradle.launcher.daemon.server.exec.WatchForDisconnection.execute(WatchForDisconnection.java:47)
	at org.gradle.launcher.daemon.server.api.DaemonCommandExecution.proceed(DaemonCommandExecution.java:120)
	at org.gradle.launcher.daemon.server.exec.ResetDeprecationLogger.execute(ResetDeprecationLogger.java:26)
	at org.gradle.launcher.daemon.server.api.DaemonCommandExecution.proceed(DaemonCommandExecution.java:120)
	at org.gradle.launcher.daemon.server.exec.RequestStopIfSingleUsedDaemon.execute(RequestStopIfSingleUsedDaemon.java:34)
	at org.gradle.launcher.daemon.server.api.DaemonCommandExecution.proceed(DaemonCommandExecution.java:120)
	at org.gradle.launcher.daemon.server.exec.ForwardClientInput$2.call(ForwardClientInput.java:74)
	at org.gradle.launcher.daemon.server.exec.ForwardClientInput$2.call(ForwardClientInput.java:72)
	at org.gradle.util.Swapper.swap(Swapper.java:38)
	at org.gradle.launcher.daemon.server.exec.ForwardClientInput.execute(ForwardClientInput.java:72)
	at org.gradle.launcher.daemon.server.api.DaemonCommandExecution.proceed(DaemonCommandExecution.java:120)
	at org.gradle.launcher.daemon.server.exec.LogAndCheckHealth.execute(LogAndCheckHealth.java:55)
	at org.gradle.launcher.daemon.server.api.DaemonCommandExecution.proceed(DaemonCommandExecution.java:120)
	at org.gradle.launcher.daemon.server.exec.LogToClient.doBuild(LogToClient.java:60)
	at org.gradle.launcher.daemon.server.exec.BuildCommandOnly.execute(BuildCommandOnly.java:36)
	at org.gradle.launcher.daemon.server.api.DaemonCommandExecution.proceed(DaemonCommandExecution.java:120)
	at org.gradle.launcher.daemon.server.exec.EstablishBuildEnvironment.doBuild(EstablishBuildEnvironment.java:72)
	at org.gradle.launcher.daemon.server.exec.BuildCommandOnly.execute(BuildCommandOnly.java:36)
	at org.gradle.launcher.daemon.server.api.DaemonCommandExecution.proceed(DaemonCommandExecution.java:120)
	at org.gradle.launcher.daemon.server.exec.StartBuildOrRespondWithBusy$1.run(StartBuildOrRespondWithBusy.java:50)
	at org.gradle.launcher.daemon.server.DaemonStateCoordinator$1.run(DaemonStateCoordinator.java:297)
	at org.gradle.internal.concurrent.ExecutorPolicy$CatchAndRecordFailures.onExecute(ExecutorPolicy.java:54)
	at org.gradle.internal.concurrent.StoppableExecutorImpl$1.run(StoppableExecutorImpl.java:40)
	at java.util.concurrent.ThreadPoolExecutor.runWorker(ThreadPoolExecutor.java:1142)
	at java.util.concurrent.ThreadPoolExecutor$Worker.run(ThreadPoolExecutor.java:617)
	at java.lang.Thread.run(Thread.java:745)
Caused by: java.lang.AssertionError: Expected label 'label' value to be 'OCTAGON', but was 'HEXAGON'
	at org.junit.Assert.fail(Assert.java:91)
	at org.junit.Assert.assertTrue(Assert.java:43)
	at org.robotframework.swing.keyword.label.LabelKeywords.labelTextShouldBe(LabelKeywords.java:70)
	at org.robotframework.javalib.reflection.KeywordInvoker.invoke(KeywordInvoker.java:50)
	at org.robotframework.javalib.beans.annotation.AnnotationKeywordExtractor$1.execute(AnnotationKeywordExtractor.java:62)
	at org.robotframework.javalib.library.KeywordFactoryBasedLibrary.runKeyword(KeywordFactoryBasedLibrary.java:37)
	at org.robotframework.javalib.library.AnnotationLibrary.runKeyword(AnnotationLibrary.java:128)
	... 260 more
20170211 21:47:00.562 - INFO - +--- END KW: SwingLibrary.Label Text Should Be (113)
------------------------------------------------------------------------------
20170211 21:47:00.570 - INFO - +-- END TEST: Octagon Is Selected After Center Click (290)
------------------------------------------------------------------------------
20170211 21:47:00.572 - INFO - +-- START TEST: Widget Is Unchanged After Edge Click [ ]
------------------------------------------------------------------------------
20170211 21:47:00.587 - INFO - +--- START KW: SwingLibrary.Start Application [ edu.jsu.mcis.Main ]
20170211 21:47:00.625 - INFO - +--- END KW: SwingLibrary.Start Application (37)
~~~~~~~~~~~~~~~~~~~~~~~~~~~~~~~~~~~~~~~~~~~~~~~~~~~~~~~~~~~~~~~~~~~~~~~~~~~~~~
20170211 21:47:00.634 - INFO - +--- START KW: SwingLibrary.Select Window [ Main ]
20170211 21:47:00.669 - DEBUG - Jemmy: Start to wait frame "Frame with name or title 'Main'" opened
20170211 21:47:00.706 - DEBUG - Jemmy: Frame "Frame with name or title 'Main'" has been opened in 0 milliseconds
    javax.swing.JFrame[frame1,0,0,500x500,layout=java.awt.BorderLayout,title=Main,resizable,normal,defaultCloseOperation=EXIT_ON_CLOSE,rootPane=javax.swing.JRootPane[,8,31,484x461,layout=javax.swing.JRootPane$RootLayout,alignmentX=0.0,alignmentY=0.0,border=,flags=16777673,maximumSize=,minimumSize=,preferredSize=],rootPaneCheckingEnabled=true]
20170211 21:47:00.721 - INFO - +--- END KW: SwingLibrary.Select Window (91)
~~~~~~~~~~~~~~~~~~~~~~~~~~~~~~~~~~~~~~~~~~~~~~~~~~~~~~~~~~~~~~~~~~~~~~~~~~~~~~
20170211 21:47:00.724 - INFO - +--- START KW: keywords.CustomWidgetKeywords.Click Outside [ ]
20170211 21:47:00.731 - DEBUG - Jemmy: Waiting for "Any CustomWidget" subcomponent
20170211 21:47:00.731 - DEBUG - Jemmy: Start to wait action "Wait for "Any CustomWidget" subcomponent to be displayed"
20170211 21:47:00.747 - DEBUG - Jemmy: "Wait for "Any CustomWidget" subcomponent to be displayed" action has been produced in 15 milliseconds with result 
    : edu.jsu.mcis.CustomWidget[,0,16,484x445,layout=java.awt.FlowLayout,alignmentX=0.0,alignmentY=0.0,border=javax.swing.border.LineBorder@5af43b9d,flags=9,maximumSize=,minimumSize=,preferredSize=]
20170211 21:47:00.769 - INFO - +--- END KW: keywords.CustomWidgetKeywords.Click Outside (40)
~~~~~~~~~~~~~~~~~~~~~~~~~~~~~~~~~~~~~~~~~~~~~~~~~~~~~~~~~~~~~~~~~~~~~~~~~~~~~~
20170211 21:47:00.771 - INFO - +--- START KW: SwingLibrary.Label Text Should Be [ label | HEXAGON ]
20170211 21:47:00.775 - DEBUG - Jemmy: Waiting for "label" subcomponent
20170211 21:47:00.775 - DEBUG - Jemmy: Start to wait action "Wait for "label" subcomponent to be displayed"
20170211 21:47:00.788 - DEBUG - Jemmy: "Wait for "label" subcomponent to be displayed" action has been produced in 12 milliseconds with result 
    : javax.swing.JLabel[label,0,0,484x16,alignmentX=0.0,alignmentY=0.0,border=,flags=8388608,maximumSize=,minimumSize=,preferredSize=,defaultIcon=,disabledIcon=,horizontalAlignment=CENTER,horizontalTextPosition=TRAILING,iconTextGap=4,labelFor=,text=HEXAGON,verticalAlignment=CENTER,verticalTextPosition=CENTER]
20170211 21:47:00.805 - INFO - +--- END KW: SwingLibrary.Label Text Should Be (34)
~~~~~~~~~~~~~~~~~~~~~~~~~~~~~~~~~~~~~~~~~~~~~~~~~~~~~~~~~~~~~~~~~~~~~~~~~~~~~~
20170211 21:47:00.807 - INFO - +--- START KW: SwingLibrary.Close Window [ Main ]
20170211 21:47:00.814 - DEBUG - Jemmy: Start to wait frame "Frame with name or title 'Main'" opened
20170211 21:47:00.816 - DEBUG - Jemmy: Frame "Frame with name or title 'Main'" has been opened in 1 milliseconds
    javax.swing.JFrame[frame1,0,0,500x500,layout=java.awt.BorderLayout,title=Main,resizable,normal,defaultCloseOperation=EXIT_ON_CLOSE,rootPane=javax.swing.JRootPane[,8,31,484x461,layout=javax.swing.JRootPane$RootLayout,alignmentX=0.0,alignmentY=0.0,border=,flags=16777673,maximumSize=,minimumSize=,preferredSize=],rootPaneCheckingEnabled=true]
20170211 21:47:01.016 - INFO - +--- END KW: SwingLibrary.Close Window (201)
------------------------------------------------------------------------------
20170211 21:47:01.026 - INFO - +-- END TEST: Widget Is Unchanged After Edge Click (451)
------------------------------------------------------------------------------
20170211 21:47:01.031 - INFO - +-- START TEST: Widget Toggles With Successive Center Clicks [ ]
------------------------------------------------------------------------------
20170211 21:47:01.050 - INFO - +--- START KW: SwingLibrary.Start Application [ edu.jsu.mcis.Main ]
20170211 21:47:01.086 - INFO - +--- END KW: SwingLibrary.Start Application (34)
~~~~~~~~~~~~~~~~~~~~~~~~~~~~~~~~~~~~~~~~~~~~~~~~~~~~~~~~~~~~~~~~~~~~~~~~~~~~~~
20170211 21:47:01.088 - INFO - +--- START KW: SwingLibrary.Select Window [ Main ]
20170211 21:47:01.100 - DEBUG - Jemmy: Start to wait frame "Frame with name or title 'Main'" opened
20170211 21:47:01.132 - DEBUG - Jemmy: Frame "Frame with name or title 'Main'" has been opened in 0 milliseconds
    javax.swing.JFrame[frame2,0,0,500x500,layout=java.awt.BorderLayout,title=Main,resizable,normal,defaultCloseOperation=EXIT_ON_CLOSE,rootPane=javax.swing.JRootPane[,8,31,484x461,layout=javax.swing.JRootPane$RootLayout,alignmentX=0.0,alignmentY=0.0,border=,flags=16777673,maximumSize=,minimumSize=,preferredSize=],rootPaneCheckingEnabled=true]
20170211 21:47:01.154 - INFO - +--- END KW: SwingLibrary.Select Window (63)
~~~~~~~~~~~~~~~~~~~~~~~~~~~~~~~~~~~~~~~~~~~~~~~~~~~~~~~~~~~~~~~~~~~~~~~~~~~~~~
20170211 21:47:01.156 - INFO - +--- START KW: keywords.CustomWidgetKeywords.Click Octagon [ ]
20170211 21:47:01.159 - DEBUG - Jemmy: Waiting for "Any CustomWidget" subcomponent
20170211 21:47:01.159 - DEBUG - Jemmy: Start to wait action "Wait for "Any CustomWidget" subcomponent to be displayed"
20170211 21:47:01.169 - DEBUG - Jemmy: "Wait for "Any CustomWidget" subcomponent to be displayed" action has been produced in 9 milliseconds with result 
    : edu.jsu.mcis.CustomWidget[,0,16,484x445,layout=java.awt.FlowLayout,alignmentX=0.0,alignmentY=0.0,border=javax.swing.border.LineBorder@4064bf1d,flags=9,maximumSize=,minimumSize=,preferredSize=]
20170211 21:47:01.197 - INFO - +--- END KW: keywords.CustomWidgetKeywords.Click Octagon (41)
~~~~~~~~~~~~~~~~~~~~~~~~~~~~~~~~~~~~~~~~~~~~~~~~~~~~~~~~~~~~~~~~~~~~~~~~~~~~~~
20170211 21:47:01.198 - INFO - +--- START KW: SwingLibrary.Label Text Should Be [ label | OCTAGON ]
20170211 21:47:01.202 - DEBUG - Jemmy: Waiting for "label" subcomponent
20170211 21:47:01.202 - DEBUG - Jemmy: Start to wait action "Wait for "label" subcomponent to be displayed"
20170211 21:47:01.215 - DEBUG - Jemmy: "Wait for "label" subcomponent to be displayed" action has been produced in 8 milliseconds with result 
    : javax.swing.JLabel[label,0,0,484x16,alignmentX=0.0,alignmentY=0.0,border=,flags=8388608,maximumSize=,minimumSize=,preferredSize=,defaultIcon=,disabledIcon=,horizontalAlignment=CENTER,horizontalTextPosition=TRAILING,iconTextGap=4,labelFor=,text=HEXAGON,verticalAlignment=CENTER,verticalTextPosition=CENTER]
20170211 21:47:01.281 - FAIL - Expected label 'label' value to be 'OCTAGON', but was 'HEXAGON'
20170211 21:47:01.283 - DEBUG - java.lang.RuntimeException: 
	at org.robotframework.javalib.library.AnnotationLibrary.retrieveInnerException(AnnotationLibrary.java:148)
	at org.robotframework.javalib.library.AnnotationLibrary.runKeyword(AnnotationLibrary.java:130)
	at org.robotframework.swing.SwingLibrary.runKeyword(SwingLibrary.java:112)
	at robot.model.testcase$py.visit$7(/Users/jmalinen/Documents/workspace/robotframework/build/Lib/robot/model/testcase.py:73)
	at robot.model.testcase$py.call_function(/Users/jmalinen/Documents/workspace/robotframework/build/Lib/robot/model/testcase.py)
	at robot.model.itemlist$py.visit$10(/Users/jmalinen/Documents/workspace/robotframework/build/Lib/robot/model/itemlist.py:68)
	at robot.model.itemlist$py.call_function(/Users/jmalinen/Documents/workspace/robotframework/build/Lib/robot/model/itemlist.py)
	at robot.model.visitor$py.visit_suite$2(/Users/jmalinen/Documents/workspace/robotframework/build/Lib/robot/model/visitor.py:87)
	at robot.model.visitor$py.call_function(/Users/jmalinen/Documents/workspace/robotframework/build/Lib/robot/model/visitor.py)
	at robot.model.testsuite$py.visit$19(/Users/jmalinen/Documents/workspace/robotframework/build/Lib/robot/model/testsuite.py:160)
	at robot.model.testsuite$py.call_function(/Users/jmalinen/Documents/workspace/robotframework/build/Lib/robot/model/testsuite.py)
	at robot.model.itemlist$py.visit$10(/Users/jmalinen/Documents/workspace/robotframework/build/Lib/robot/model/itemlist.py:68)
	at robot.model.itemlist$py.call_function(/Users/jmalinen/Documents/workspace/robotframework/build/Lib/robot/model/itemlist.py)
	at robot.model.visitor$py.visit_suite$2(/Users/jmalinen/Documents/workspace/robotframework/build/Lib/robot/model/visitor.py:87)
	at robot.model.visitor$py.call_function(/Users/jmalinen/Documents/workspace/robotframework/build/Lib/robot/model/visitor.py)
	at robot.model.testsuite$py.visit$19(/Users/jmalinen/Documents/workspace/robotframework/build/Lib/robot/model/testsuite.py:160)
	at robot.model.testsuite$py.call_function(/Users/jmalinen/Documents/workspace/robotframework/build/Lib/robot/model/testsuite.py)
	at robot.run$py.main$3(/Users/jmalinen/Documents/workspace/robotframework/build/Lib/robot/run.py:441)
	at robot.run$py.call_function(/Users/jmalinen/Documents/workspace/robotframework/build/Lib/robot/run.py)
	at robot.utils.application$py._execute$10(/Users/jmalinen/Documents/workspace/robotframework/build/Lib/robot/utils/application.py:91)
	at robot.utils.application$py.call_function(/Users/jmalinen/Documents/workspace/robotframework/build/Lib/robot/utils/application.py)
	at robot.utils.application$py.execute_cli$5(/Users/jmalinen/Documents/workspace/robotframework/build/Lib/robot/utils/application.py:46)
	at robot.utils.application$py.call_function(/Users/jmalinen/Documents/workspace/robotframework/build/Lib/robot/utils/application.py)
	at robot.run$py.run_cli$7(/Users/jmalinen/Documents/workspace/robotframework/build/Lib/robot/run.py:466)
	at robot.run$py.call_function(/Users/jmalinen/Documents/workspace/robotframework/build/Lib/robot/run.py)
	at robot.jarrunner$py._run$3(/Users/jmalinen/Documents/workspace/robotframework/build/Lib/robot/jarrunner.py:63)
	at robot.jarrunner$py.call_function(/Users/jmalinen/Documents/workspace/robotframework/build/Lib/robot/jarrunner.py)
	at robot.jarrunner$py.run$2(/Users/jmalinen/Documents/workspace/robotframework/build/Lib/robot/jarrunner.py:56)
	at robot.jarrunner$py.call_function(/Users/jmalinen/Documents/workspace/robotframework/build/Lib/robot/jarrunner.py)
	at org.robotframework.RobotRunner.run(RobotRunner.java:73)
	at org.robotframework.RobotFramework.run(RobotFramework.java:60)
	at org.codehaus.groovy.reflection.CachedMethod.invoke(CachedMethod.java:93)
	at groovy.lang.MetaMethod.doMethodInvoke(MetaMethod.java:325)
	at org.codehaus.groovy.runtime.callsite.StaticMetaMethodSite.invoke(StaticMetaMethodSite.java:46)
	at org.codehaus.groovy.runtime.callsite.StaticMetaMethodSite.call(StaticMetaMethodSite.java:91)
	at org.codehaus.groovy.runtime.callsite.CallSiteArray.defaultCall(CallSiteArray.java:48)
	at org.codehaus.groovy.runtime.callsite.AbstractCallSite.call(AbstractCallSite.java:113)
	at org.codehaus.groovy.runtime.callsite.AbstractCallSite.call(AbstractCallSite.java:125)
	at org.roboscratch.gradle.RunRobot.run(RunRobot.groovy:184)
	at org.gradle.internal.reflect.JavaMethod.invoke(JavaMethod.java:73)
	at org.gradle.api.internal.project.taskfactory.DefaultTaskClassInfoStore$StandardTaskAction.doExecute(DefaultTaskClassInfoStore.java:141)
	at org.gradle.api.internal.project.taskfactory.DefaultTaskClassInfoStore$StandardTaskAction.execute(DefaultTaskClassInfoStore.java:134)
	at org.gradle.api.internal.project.taskfactory.DefaultTaskClassInfoStore$StandardTaskAction.execute(DefaultTaskClassInfoStore.java:123)
	at org.gradle.api.internal.AbstractTask$TaskActionWrapper.execute(AbstractTask.java:632)
	at org.gradle.api.internal.AbstractTask$TaskActionWrapper.execute(AbstractTask.java:615)
	at org.gradle.api.internal.tasks.execution.ExecuteActionsTaskExecuter.executeAction(ExecuteActionsTaskExecuter.java:95)
	at org.gradle.api.internal.tasks.execution.ExecuteActionsTaskExecuter.executeActions(ExecuteActionsTaskExecuter.java:76)
	at org.gradle.api.internal.tasks.execution.ExecuteActionsTaskExecuter.execute(ExecuteActionsTaskExecuter.java:55)
	at org.gradle.api.internal.tasks.execution.SkipUpToDateTaskExecuter.execute(SkipUpToDateTaskExecuter.java:62)
	at org.gradle.api.internal.tasks.execution.ValidatingTaskExecuter.execute(ValidatingTaskExecuter.java:58)
	at org.gradle.api.internal.tasks.execution.SkipEmptySourceFilesTaskExecuter.execute(SkipEmptySourceFilesTaskExecuter.java:88)
	at org.gradle.api.internal.tasks.execution.ResolveTaskArtifactStateTaskExecuter.execute(ResolveTaskArtifactStateTaskExecuter.java:46)
	at org.gradle.api.internal.tasks.execution.SkipTaskWithNoActionsExecuter.execute(SkipTaskWithNoActionsExecuter.java:51)
	at org.gradle.api.internal.tasks.execution.SkipOnlyIfTaskExecuter.execute(SkipOnlyIfTaskExecuter.java:54)
	at org.gradle.api.internal.tasks.execution.ExecuteAtMostOnceTaskExecuter.execute(ExecuteAtMostOnceTaskExecuter.java:43)
	at org.gradle.api.internal.tasks.execution.CatchExceptionTaskExecuter.execute(CatchExceptionTaskExecuter.java:34)
	at org.gradle.execution.taskgraph.DefaultTaskGraphExecuter$EventFiringTaskWorker$1.execute(DefaultTaskGraphExecuter.java:236)
	at org.gradle.execution.taskgraph.DefaultTaskGraphExecuter$EventFiringTaskWorker$1.execute(DefaultTaskGraphExecuter.java:228)
	at org.gradle.internal.Transformers$4.transform(Transformers.java:169)
	at org.gradle.internal.progress.DefaultBuildOperationExecutor.run(DefaultBuildOperationExecutor.java:106)
	at org.gradle.internal.progress.DefaultBuildOperationExecutor.run(DefaultBuildOperationExecutor.java:61)
	at org.gradle.execution.taskgraph.DefaultTaskGraphExecuter$EventFiringTaskWorker.execute(DefaultTaskGraphExecuter.java:228)
	at org.gradle.execution.taskgraph.DefaultTaskGraphExecuter$EventFiringTaskWorker.execute(DefaultTaskGraphExecuter.java:215)
	at org.gradle.execution.taskgraph.AbstractTaskPlanExecutor$TaskExecutorWorker.processTask(AbstractTaskPlanExecutor.java:77)
	at org.gradle.execution.taskgraph.AbstractTaskPlanExecutor$TaskExecutorWorker.run(AbstractTaskPlanExecutor.java:58)
	at org.gradle.execution.taskgraph.DefaultTaskPlanExecutor.process(DefaultTaskPlanExecutor.java:32)
	at org.gradle.execution.taskgraph.DefaultTaskGraphExecuter.execute(DefaultTaskGraphExecuter.java:113)
	at org.gradle.execution.SelectedTaskExecutionAction.execute(SelectedTaskExecutionAction.java:37)
	at org.gradle.execution.DefaultBuildExecuter.execute(DefaultBuildExecuter.java:37)
	at org.gradle.execution.DefaultBuildExecuter.access$000(DefaultBuildExecuter.java:23)
	at org.gradle.execution.DefaultBuildExecuter$1.proceed(DefaultBuildExecuter.java:43)
	at org.gradle.execution.DryRunBuildExecutionAction.execute(DryRunBuildExecutionAction.java:32)
	at org.gradle.execution.DefaultBuildExecuter.execute(DefaultBuildExecuter.java:37)
	at org.gradle.execution.DefaultBuildExecuter.execute(DefaultBuildExecuter.java:30)
	at org.gradle.initialization.DefaultGradleLauncher$3.execute(DefaultGradleLauncher.java:196)
	at org.gradle.initialization.DefaultGradleLauncher$3.execute(DefaultGradleLauncher.java:193)
	at org.gradle.internal.Transformers$4.transform(Transformers.java:169)
	at org.gradle.internal.progress.DefaultBuildOperationExecutor.run(DefaultBuildOperationExecutor.java:106)
	at org.gradle.internal.progress.DefaultBuildOperationExecutor.run(DefaultBuildOperationExecutor.java:56)
	at org.gradle.initialization.DefaultGradleLauncher.doBuildStages(DefaultGradleLauncher.java:193)
	at org.gradle.initialization.DefaultGradleLauncher.doBuild(DefaultGradleLauncher.java:119)
	at org.gradle.initialization.DefaultGradleLauncher.run(DefaultGradleLauncher.java:102)
	at org.gradle.launcher.exec.GradleBuildController.run(GradleBuildController.java:71)
	at org.gradle.tooling.internal.provider.ExecuteBuildActionRunner.run(ExecuteBuildActionRunner.java:28)
	at org.gradle.launcher.exec.ChainingBuildActionRunner.run(ChainingBuildActionRunner.java:35)
	at org.gradle.launcher.exec.InProcessBuildActionExecuter.execute(InProcessBuildActionExecuter.java:41)
	at org.gradle.launcher.exec.InProcessBuildActionExecuter.execute(InProcessBuildActionExecuter.java:26)
	at org.gradle.tooling.internal.provider.ContinuousBuildActionExecuter.execute(ContinuousBuildActionExecuter.java:75)
	at org.gradle.tooling.internal.provider.ContinuousBuildActionExecuter.execute(ContinuousBuildActionExecuter.java:49)
	at org.gradle.tooling.internal.provider.ServicesSetupBuildActionExecuter.execute(ServicesSetupBuildActionExecuter.java:44)
	at org.gradle.tooling.internal.provider.ServicesSetupBuildActionExecuter.execute(ServicesSetupBuildActionExecuter.java:29)
	at org.gradle.launcher.daemon.server.exec.ExecuteBuild.doBuild(ExecuteBuild.java:67)
	at org.gradle.launcher.daemon.server.exec.BuildCommandOnly.execute(BuildCommandOnly.java:36)
	at org.gradle.launcher.daemon.server.api.DaemonCommandExecution.proceed(DaemonCommandExecution.java:120)
	at org.gradle.launcher.daemon.server.exec.WatchForDisconnection.execute(WatchForDisconnection.java:47)
	at org.gradle.launcher.daemon.server.api.DaemonCommandExecution.proceed(DaemonCommandExecution.java:120)
	at org.gradle.launcher.daemon.server.exec.ResetDeprecationLogger.execute(ResetDeprecationLogger.java:26)
	at org.gradle.launcher.daemon.server.api.DaemonCommandExecution.proceed(DaemonCommandExecution.java:120)
	at org.gradle.launcher.daemon.server.exec.RequestStopIfSingleUsedDaemon.execute(RequestStopIfSingleUsedDaemon.java:34)
	at org.gradle.launcher.daemon.server.api.DaemonCommandExecution.proceed(DaemonCommandExecution.java:120)
	at org.gradle.launcher.daemon.server.exec.ForwardClientInput$2.call(ForwardClientInput.java:74)
	at org.gradle.launcher.daemon.server.exec.ForwardClientInput$2.call(ForwardClientInput.java:72)
	at org.gradle.util.Swapper.swap(Swapper.java:38)
	at org.gradle.launcher.daemon.server.exec.ForwardClientInput.execute(ForwardClientInput.java:72)
	at org.gradle.launcher.daemon.server.api.DaemonCommandExecution.proceed(DaemonCommandExecution.java:120)
	at org.gradle.launcher.daemon.server.exec.LogAndCheckHealth.execute(LogAndCheckHealth.java:55)
	at org.gradle.launcher.daemon.server.api.DaemonCommandExecution.proceed(DaemonCommandExecution.java:120)
	at org.gradle.launcher.daemon.server.exec.LogToClient.doBuild(LogToClient.java:60)
	at org.gradle.launcher.daemon.server.exec.BuildCommandOnly.execute(BuildCommandOnly.java:36)
	at org.gradle.launcher.daemon.server.api.DaemonCommandExecution.proceed(DaemonCommandExecution.java:120)
	at org.gradle.launcher.daemon.server.exec.EstablishBuildEnvironment.doBuild(EstablishBuildEnvironment.java:72)
	at org.gradle.launcher.daemon.server.exec.BuildCommandOnly.execute(BuildCommandOnly.java:36)
	at org.gradle.launcher.daemon.server.api.DaemonCommandExecution.proceed(DaemonCommandExecution.java:120)
	at org.gradle.launcher.daemon.server.exec.StartBuildOrRespondWithBusy$1.run(StartBuildOrRespondWithBusy.java:50)
	at org.gradle.launcher.daemon.server.DaemonStateCoordinator$1.run(DaemonStateCoordinator.java:297)
	at org.gradle.internal.concurrent.ExecutorPolicy$CatchAndRecordFailures.onExecute(ExecutorPolicy.java:54)
	at org.gradle.internal.concurrent.StoppableExecutorImpl$1.run(StoppableExecutorImpl.java:40)
	at java.util.concurrent.ThreadPoolExecutor.runWorker(ThreadPoolExecutor.java:1142)
	at java.util.concurrent.ThreadPoolExecutor$Worker.run(ThreadPoolExecutor.java:617)
	at java.lang.Thread.run(Thread.java:745)
Caused by: java.lang.AssertionError: Expected label 'label' value to be 'OCTAGON', but was 'HEXAGON'
	at org.junit.Assert.fail(Assert.java:91)
	at org.junit.Assert.assertTrue(Assert.java:43)
	at org.robotframework.swing.keyword.label.LabelKeywords.labelTextShouldBe(LabelKeywords.java:70)
	at org.robotframework.javalib.reflection.KeywordInvoker.invoke(KeywordInvoker.java:50)
	at org.robotframework.javalib.beans.annotation.AnnotationKeywordExtractor$1.execute(AnnotationKeywordExtractor.java:62)
	at org.robotframework.javalib.library.KeywordFactoryBasedLibrary.runKeyword(KeywordFactoryBasedLibrary.java:37)
	at org.robotframework.javalib.library.AnnotationLibrary.runKeyword(AnnotationLibrary.java:128)
	... 260 more
20170211 21:47:01.286 - INFO - +--- END KW: SwingLibrary.Label Text Should Be (87)
------------------------------------------------------------------------------
20170211 21:47:01.297 - INFO - +-- END TEST: Widget Toggles With Successive Center Clicks (260)
------------------------------------------------------------------------------
20170211 21:47:01.379 - INFO - +- END SUITE: Acceptancetest.CustomWidgetTests (14702)
==============================================================================
20170211 21:47:01.466 - INFO - + END SUITE: Acceptancetest (15511)
==============================================================================
